[debug] [2020-02-14T02:32:02.495Z] ----------------------------------------------------------------------
[debug] [2020-02-14T02:32:02.496Z] Command:       /usr/local/Cellar/node/13.6.0/bin/node /usr/local/bin/firebase deploy
[debug] [2020-02-14T02:32:02.496Z] CLI Version:   7.13.0
[debug] [2020-02-14T02:32:02.496Z] Platform:      darwin
[debug] [2020-02-14T02:32:02.496Z] Node Version:  v13.6.0
[debug] [2020-02-14T02:32:02.497Z] Time:          Fri Feb 14 2020 15:32:02 GMT+1300 (New Zealand Daylight Time)
[debug] [2020-02-14T02:32:02.497Z] ----------------------------------------------------------------------
[debug] [2020-02-14T02:32:02.497Z] 
[debug] [2020-02-14T02:32:02.505Z] > command requires scopes: ["email","openid","https://www.googleapis.com/auth/cloudplatformprojects.readonly","https://www.googleapis.com/auth/firebase","https://www.googleapis.com/auth/cloud-platform"]
[debug] [2020-02-14T02:32:02.505Z] > authorizing via signed-in user
[debug] [2020-02-14T02:32:02.505Z] [iam] checking project mfhn-search for permissions ["firebase.projects.get","firebasehosting.sites.update"]
[debug] [2020-02-14T02:32:02.507Z] >>> HTTP REQUEST POST https://cloudresourcemanager.googleapis.com/v1/projects/mfhn-search:testIamPermissions  

[debug] [2020-02-14T02:32:03.870Z] <<< HTTP RESPONSE 200
[debug] [2020-02-14T02:32:03.872Z] >>> HTTP REQUEST GET https://firebase.googleapis.com/v1beta1/projects/mfhn-search  
 
[debug] [2020-02-14T02:32:04.384Z] <<< HTTP RESPONSE 200
[info] 
[info] === Deploying to 'mfhn-search'...
[info] 
[info] i  deploying hosting
[debug] [2020-02-14T02:32:04.389Z] >>> HTTP REQUEST POST https://firebasehosting.googleapis.com/v1beta1/sites/mfhn-search/versions  

[debug] [2020-02-14T02:32:06.641Z] <<< HTTP RESPONSE 200
[info] i  hosting[mfhn-search]: beginning deploy...
[info] i  hosting[mfhn-search]: found 9 files in build
[debug] [2020-02-14T02:32:06.650Z] [hosting] hash cache [YnVpbGQ] not populated
[debug] [2020-02-14T02:32:07.072Z] [hosting] hash cache [YnVpbGQ] stored for 9 files
[debug] [2020-02-14T02:32:07.072Z] [hosting][hash queue][FINAL]
[debug] [2020-02-14T02:32:07.072Z] >>> HTTP REQUEST POST https://firebasehosting.googleapis.com/v1beta1/sites/mfhn-search/versions/71acef117f2de25b:populateFiles  
 <request body omitted>
[debug] [2020-02-14T02:32:08.537Z] <<< HTTP RESPONSE 200
[debug] [2020-02-14T02:32:08.544Z] [hosting][populate queue][FINAL]
[debug] [2020-02-14T02:32:08.544Z] [hosting] uploads queued: 9
